<?xml version="1.0" encoding="UTF-8"?>
<!-- Generated by org.testng.reporters.JUnitXMLReporter -->
<testsuite ignored="0" hostname="DESKTOP-IJVEGUQ" failures="0" tests="6" name="Test" time="60.627" errors="0" timestamp="2025-10-07T09:38:02 IST">
  <testcase classname="com.tka.test_cases.LoginPageTest" name="loginTest" time="1.813"/>
  <testcase classname="com.tka.test_cases.LoginPageTest" name="loginTest" time="1.619"/>
  <testcase classname="com.tka.test_cases.LoginPageTest" name="loginTest" time="1.717"/>
  <testcase classname="com.tka.test_cases.LoginPageTest" name="loginTest" time="2.442"/>
  <testcase classname="com.tka.test_cases.LoginPageTest" name="veriftProfileBtn" time="3.303"/>
  <testcase classname="com.tka.test_cases.RegisterPageTest" name="registerTest" time="6.17"/>
</testsuite> <!-- Test -->
