<?xml version="1.0" encoding="UTF-8"?>
<testng-results ignored="0" total="6" passed="6" failed="0" skipped="0">
  <reporter-output>
  </reporter-output>
  <suite started-at="2025-10-07T09:37:00 IST" name="Suite" finished-at="2025-10-07T09:38:01 IST" duration-ms="60627">
    <groups>
    </groups>
    <test started-at="2025-10-07T09:37:00 IST" name="Test" finished-at="2025-10-07T09:38:01 IST" duration-ms="60627">
      <class name="com.tka.test_cases.LoginPageTest">
        <test-method is-config="true" signature="setUp()[pri:0, instance:com.tka.test_cases.LoginPageTest@66ce957f]" started-at="2025-10-07T09:37:03 IST" name="setUp" finished-at="2025-10-07T09:37:10 IST" duration-ms="7063" status="PASS">
          <reporter-output>
          </reporter-output>
        </test-method> <!-- setUp -->
        <test-method signature="loginTest(java.lang.String,java.lang.String,java.lang.String)[pri:0, instance:com.tka.test_cases.LoginPageTest@66ce957f]" started-at="2025-10-07T09:37:10 IST" name="loginTest" data-provider="testData" finished-at="2025-10-07T09:37:12 IST" duration-ms="1813" status="PASS">
          <params>
            <param index="0">
              <value>
                <![CDATA[swapnilalaskar@gmail.com]]>
              </value>
            </param>
            <param index="1">
              <value>
                <![CDATA[Swapnil@1234]]>
              </value>
            </param>
            <param index="2">
              <value>
                <![CDATA[1]]>
              </value>
            </param>
          </params>
          <reporter-output>
          </reporter-output>
        </test-method> <!-- loginTest -->
        <test-method is-config="true" signature="tearDown()[pri:0, instance:com.tka.test_cases.LoginPageTest@66ce957f]" started-at="2025-10-07T09:37:12 IST" name="tearDown" finished-at="2025-10-07T09:37:12 IST" duration-ms="1" status="PASS">
          <reporter-output>
          </reporter-output>
        </test-method> <!-- tearDown -->
        <test-method is-config="true" signature="setUp()[pri:0, instance:com.tka.test_cases.LoginPageTest@66ce957f]" started-at="2025-10-07T09:37:12 IST" name="setUp" finished-at="2025-10-07T09:37:17 IST" duration-ms="5710" status="PASS">
          <reporter-output>
          </reporter-output>
        </test-method> <!-- setUp -->
        <test-method signature="loginTest(java.lang.String,java.lang.String,java.lang.String)[pri:0, instance:com.tka.test_cases.LoginPageTest@66ce957f]" started-at="2025-10-07T09:37:17 IST" name="loginTest" data-provider="testData" finished-at="2025-10-07T09:37:19 IST" duration-ms="1619" status="PASS">
          <params>
            <param index="0">
              <value>
                <![CDATA[vaibhav@gmail.com]]>
              </value>
            </param>
            <param index="1">
              <value>
                <![CDATA[vaibhav@1234]]>
              </value>
            </param>
            <param index="2">
              <value>
                <![CDATA[2]]>
              </value>
            </param>
          </params>
          <reporter-output>
          </reporter-output>
        </test-method> <!-- loginTest -->
        <test-method is-config="true" signature="tearDown()[pri:0, instance:com.tka.test_cases.LoginPageTest@66ce957f]" started-at="2025-10-07T09:37:19 IST" name="tearDown" finished-at="2025-10-07T09:37:19 IST" duration-ms="8" status="PASS">
          <reporter-output>
          </reporter-output>
        </test-method> <!-- tearDown -->
        <test-method is-config="true" signature="setUp()[pri:0, instance:com.tka.test_cases.LoginPageTest@66ce957f]" started-at="2025-10-07T09:37:19 IST" name="setUp" finished-at="2025-10-07T09:37:25 IST" duration-ms="6034" status="PASS">
          <reporter-output>
          </reporter-output>
        </test-method> <!-- setUp -->
        <test-method signature="loginTest(java.lang.String,java.lang.String,java.lang.String)[pri:0, instance:com.tka.test_cases.LoginPageTest@66ce957f]" started-at="2025-10-07T09:37:25 IST" name="loginTest" data-provider="testData" finished-at="2025-10-07T09:37:27 IST" duration-ms="1717" status="PASS">
          <params>
            <param index="0">
              <value>
                <![CDATA[gaurav123]]>
              </value>
            </param>
            <param index="1">
              <value>
                <![CDATA[gaurav123]]>
              </value>
            </param>
            <param index="2">
              <value>
                <![CDATA[3]]>
              </value>
            </param>
          </params>
          <reporter-output>
          </reporter-output>
        </test-method> <!-- loginTest -->
        <test-method is-config="true" signature="tearDown()[pri:0, instance:com.tka.test_cases.LoginPageTest@66ce957f]" started-at="2025-10-07T09:37:27 IST" name="tearDown" finished-at="2025-10-07T09:37:27 IST" duration-ms="1" status="PASS">
          <reporter-output>
          </reporter-output>
        </test-method> <!-- tearDown -->
        <test-method is-config="true" signature="setUp()[pri:0, instance:com.tka.test_cases.LoginPageTest@66ce957f]" started-at="2025-10-07T09:37:27 IST" name="setUp" finished-at="2025-10-07T09:37:34 IST" duration-ms="7340" status="PASS">
          <reporter-output>
          </reporter-output>
        </test-method> <!-- setUp -->
        <test-method signature="loginTest(java.lang.String,java.lang.String,java.lang.String)[pri:0, instance:com.tka.test_cases.LoginPageTest@66ce957f]" started-at="2025-10-07T09:37:34 IST" name="loginTest" data-provider="testData" finished-at="2025-10-07T09:37:37 IST" duration-ms="2442" status="PASS">
          <params>
            <param index="0">
              <value>
                <![CDATA[swapnil@gmail.com]]>
              </value>
            </param>
            <param index="1">
              <value>
                <![CDATA[]]>
              </value>
            </param>
            <param index="2">
              <value>
                <![CDATA[4]]>
              </value>
            </param>
          </params>
          <reporter-output>
          </reporter-output>
        </test-method> <!-- loginTest -->
        <test-method is-config="true" signature="tearDown()[pri:0, instance:com.tka.test_cases.LoginPageTest@66ce957f]" started-at="2025-10-07T09:37:37 IST" name="tearDown" finished-at="2025-10-07T09:37:37 IST" duration-ms="0" status="PASS">
          <reporter-output>
          </reporter-output>
        </test-method> <!-- tearDown -->
        <test-method is-config="true" signature="setUp()[pri:0, instance:com.tka.test_cases.LoginPageTest@66ce957f]" started-at="2025-10-07T09:37:37 IST" name="setUp" finished-at="2025-10-07T09:37:42 IST" duration-ms="5566" status="PASS">
          <reporter-output>
          </reporter-output>
        </test-method> <!-- setUp -->
        <test-method signature="veriftProfileBtn()[pri:0, instance:com.tka.test_cases.LoginPageTest@66ce957f]" started-at="2025-10-07T09:37:42 IST" name="veriftProfileBtn" finished-at="2025-10-07T09:37:45 IST" duration-ms="3303" status="PASS">
          <reporter-output>
          </reporter-output>
        </test-method> <!-- veriftProfileBtn -->
        <test-method is-config="true" signature="tearDown()[pri:0, instance:com.tka.test_cases.LoginPageTest@66ce957f]" started-at="2025-10-07T09:37:45 IST" name="tearDown" finished-at="2025-10-07T09:37:45 IST" duration-ms="1" status="PASS">
          <reporter-output>
          </reporter-output>
        </test-method> <!-- tearDown -->
      </class> <!-- com.tka.test_cases.LoginPageTest -->
      <class name="com.tka.test_cases.RegisterPageTest">
        <test-method is-config="true" signature="setUp()[pri:0, instance:com.tka.test_cases.RegisterPageTest@4f2c9ba6]" started-at="2025-10-07T09:37:45 IST" name="setUp" finished-at="2025-10-07T09:37:55 IST" duration-ms="9119" status="PASS">
          <reporter-output>
          </reporter-output>
        </test-method> <!-- setUp -->
        <test-method signature="registerTest()[pri:0, instance:com.tka.test_cases.RegisterPageTest@4f2c9ba6]" started-at="2025-10-07T09:37:55 IST" name="registerTest" finished-at="2025-10-07T09:38:01 IST" duration-ms="6170" status="PASS">
          <reporter-output>
          </reporter-output>
        </test-method> <!-- registerTest -->
        <test-method is-config="true" signature="tearDown()[pri:0, instance:com.tka.test_cases.RegisterPageTest@4f2c9ba6]" started-at="2025-10-07T09:38:01 IST" name="tearDown" finished-at="2025-10-07T09:38:01 IST" duration-ms="1" status="PASS">
          <reporter-output>
          </reporter-output>
        </test-method> <!-- tearDown -->
      </class> <!-- com.tka.test_cases.RegisterPageTest -->
    </test> <!-- Test -->
  </suite> <!-- Suite -->
</testng-results>
