<?xml version="1.0" encoding="UTF-8" ?>
<testsuite tests="6" failures="0" name="TestSuite" time="17.091" errors="0" skipped="0">
  <properties>
[...]
</properties>
  <testcase classname="com.tka.test_cases.LoginPageTest" name="loginTest" time="1.828"/>
  <testcase classname="com.tka.test_cases.LoginPageTest" name="loginTest" time="1.62"/>
  <testcase classname="com.tka.test_cases.LoginPageTest" name="loginTest" time="1.718"/>
  <testcase classname="com.tka.test_cases.LoginPageTest" name="loginTest" time="2.446"/>
  <testcase classname="com.tka.test_cases.LoginPageTest" name="veriftProfileBtn" time="3.302"/>
  <testcase classname="com.tka.test_cases.RegisterPageTest" name="registerTest" time="6.177"/>
</testsuite>