<?xml version="1.0" encoding="UTF-8"?>
<!-- Generated by org.testng.reporters.JUnitReportReporter -->
<testsuite hostname="DESKTOP-IJVEGUQ" failures="0" tests="5" name="com.tka.test_cases.LoginPageTest" time="23.206" errors="0" timestamp="2025-10-06T18:50:03 IST" skipped="0">
  <testcase classname="com.tka.test_cases.LoginPageTest" name="loginTest" time="3.985"/>
  <testcase classname="com.tka.test_cases.LoginPageTest" name="loginTest" time="3.637"/>
  <testcase classname="com.tka.test_cases.LoginPageTest" name="loginTest" time="4.342"/>
  <testcase classname="com.tka.test_cases.LoginPageTest" name="loginTest" time="6.401"/>
  <testcase classname="com.tka.test_cases.LoginPageTest" name="veriftProfileBtn" time="4.841"/>
</testsuite> <!-- com.tka.test_cases.LoginPageTest -->
