<?xml version="1.0" encoding="UTF-8"?>
<!-- Generated by org.testng.reporters.JUnitReportReporter -->
<testsuite hostname="DESKTOP-IJVEGUQ" failures="0" tests="5" name="com.tka.test_cases.LoginPageTest" time="42.618" errors="0" timestamp="2025-10-07T09:38:02 IST" skipped="0">
  <testcase classname="com.tka.test_cases.LoginPageTest" name="loginTest" time="8.008"/>
  <testcase classname="com.tka.test_cases.LoginPageTest" name="loginTest" time="8.884"/>
  <testcase classname="com.tka.test_cases.LoginPageTest" name="veriftProfileBtn" time="9.014"/>
  <testcase classname="com.tka.test_cases.LoginPageTest" name="loginTest" time="8.960"/>
  <testcase classname="com.tka.test_cases.LoginPageTest" name="loginTest" time="7.752"/>
</testsuite> <!-- com.tka.test_cases.LoginPageTest -->
